<?xml version="1.0" encoding="UTF-8"?>
<!-- Generated by org.testng.reporters.JUnitReportReporter -->
<testsuite hostname="DESKTOP-36JIMOC" failures="0" tests="1" name="ecommerce.ProjectEcommerce.CheckOutTheProduct" time="13.444" errors="0" timestamp="2024-04-07T00:25:21 IST" skipped="0">
  <testcase classname="ecommerce.ProjectEcommerce.CheckOutTheProduct" name="Checkout" time="13.444"/>
</testsuite> <!-- ecommerce.ProjectEcommerce.CheckOutTheProduct -->
