<?xml version="1.0" encoding="UTF-8"?>
<!-- Generated by org.testng.reporters.JUnitReportReporter -->
<testsuite hostname="DESKTOP-36JIMOC" failures="0" tests="1" name="ecommerce.ProjectEcommerce.CheckOutTheProduct" time="22.988" errors="0" timestamp="2024-04-04T15:10:31 IST" skipped="0">
  <testcase classname="ecommerce.ProjectEcommerce.CheckOutTheProduct" name="Checkout" time="22.988"/>
</testsuite> <!-- ecommerce.ProjectEcommerce.CheckOutTheProduct -->
